Using pre-set license
Built from '2020.3/staging' branch; Version is '2020.3.4f1 (0abb6314276a) revision 703331'; Using compiler version '192528614'; Build Type 'Release'
OS: 'Windows 10 Enterprise; OS build 21370.1; Version 2009; 64bit' Language: 'es' Physical Memory: 8147 MB
BatchMode: 1, IsHumanControllingUs: 0, StartBugReporterOnCrash: 0, Is64bit: 1, IsPro: 0

 COMMAND LINE ARGUMENTS:
C:\Program Files\Unity\Hub\Editor\2020.3.4f1\Editor\Unity.exe
-adb2
-batchMode
-noUpm
-name
AssetImportWorker0
-projectPath
C:/Users/jordi/Downloads/Introduction to Scripting Part 1
-logFile
Logs/AssetImportWorker0.log
-srvPort
50752
Successfully changed project path to: C:/Users/jordi/Downloads/Introduction to Scripting Part 1
C:/Users/jordi/Downloads/Introduction to Scripting Part 1
Using Asset Import Pipeline V2.
Refreshing native plugins compatible for Editor in 33.42 ms, found 0 plugins.
Preloading 0 native plugins for Editor in 0.00 ms.
Initialize engine version: 2020.3.4f1 (0abb6314276a)
[Subsystems] Discovering subsystems at path C:/Program Files/Unity/Hub/Editor/2020.3.4f1/Editor/Data/Resources/UnitySubsystems
[Subsystems] Discovering subsystems at path C:/Users/jordi/Downloads/Introduction to Scripting Part 1/Assets
GfxDevice: creating device client; threaded=0
Direct3D:
    Version:  Direct3D 11.0 [level 11.1]
    Renderer: Radeon (TM) RX 470 Graphics (ID=0x67df)
    Vendor:   
    VRAM:     4075 MB
    Driver:   27.20.21001.7005
Initialize mono
Mono path[0] = 'C:/Program Files/Unity/Hub/Editor/2020.3.4f1/Editor/Data/Managed'
Mono path[1] = 'C:/Program Files/Unity/Hub/Editor/2020.3.4f1/Editor/Data/MonoBleedingEdge/lib/mono/unityjit'
Mono config path = 'C:/Program Files/Unity/Hub/Editor/2020.3.4f1/Editor/Data/MonoBleedingEdge/etc'
Using monoOptions --debugger-agent=transport=dt_socket,embedding=1,server=y,suspend=n,address=127.0.0.1:56544
Begin MonoManager ReloadAssembly
Registering precompiled unity dll's ...
Register platform support module: C:/Program Files/Unity/Hub/Editor/2020.3.4f1/Editor/Data/PlaybackEngines/WindowsStandaloneSupport/UnityEditor.WindowsStandalone.Extensions.dll
Registered in 0.002353 seconds.
Native extension for WindowsStandalone target not found
Refreshing native plugins compatible for Editor in 39.49 ms, found 0 plugins.
Preloading 0 native plugins for Editor in 0.00 ms.
Mono: successfully reloaded assembly
- Completed reload, in  3.986 seconds
Platform modules already initialized, skipping
Registering precompiled user dll's ...
Registered in 0.000781 seconds.
Begin MonoManager ReloadAssembly
Native extension for WindowsStandalone target not found
Refreshing native plugins compatible for Editor in 0.24 ms, found 0 plugins.
Preloading 0 native plugins for Editor in 0.00 ms.
Mono: successfully reloaded assembly
- Completed reload, in  1.222 seconds
Platform modules already initialized, skipping
========================================================================
Worker process is ready to serve import requests
Launched and connected shader compiler UnityShaderCompiler.exe after 0.07 seconds
Refreshing native plugins compatible for Editor in 0.22 ms, found 0 plugins.
Preloading 0 native plugins for Editor in 0.00 ms.
Unloading 1123 Unused Serialized files (Serialized files now loaded: 0)
System memory in use before: 57.4 MB.
System memory in use after: 57.5 MB.

Unloading 9 unused Assets to reduce memory usage. Loaded Objects now: 1566.
Total: 1.817500 ms (FindLiveObjects: 0.340400 ms CreateObjectMapping: 0.101900 ms MarkObjects: 1.307000 ms  DeleteObjects: 0.067000 ms)

========================================================================
Received Import Request.
  path: Assets/RW/Scripts/Sheep.cs
  artifactKey: Guid(7c6564f9236ddb741b6b94f0ed88331e) Importer(815301076,1909f56bfc062723c751e8b465ee728b)
Start importing Assets/RW/Scripts/Sheep.cs using Guid(7c6564f9236ddb741b6b94f0ed88331e) Importer(815301076,1909f56bfc062723c751e8b465ee728b)  -> (artifact id: '006bcfe086b7721852eb35ef1c52edcd') in 0.028009 seconds
  Import took 0.029954 seconds .

========================================================================
Received Prepare
Registering precompiled user dll's ...
Registered in 0.006439 seconds.
Begin MonoManager ReloadAssembly
Native extension for WindowsStandalone target not found
Refreshing native plugins compatible for Editor in 2.05 ms, found 0 plugins.
Preloading 0 native plugins for Editor in 0.00 ms.
Mono: successfully reloaded assembly
- Completed reload, in  2.137 seconds
Platform modules already initialized, skipping
Refreshing native plugins compatible for Editor in 0.23 ms, found 0 plugins.
Preloading 0 native plugins for Editor in 0.00 ms.
Unloading 1117 Unused Serialized files (Serialized files now loaded: 0)
System memory in use before: 57.2 MB.
System memory in use after: 57.3 MB.

Unloading 4 unused Assets to reduce memory usage. Loaded Objects now: 1569.
Total: 2.938300 ms (FindLiveObjects: 0.400400 ms CreateObjectMapping: 0.103700 ms MarkObjects: 2.391600 ms  DeleteObjects: 0.040700 ms)

========================================================================
Received Import Request.
  Time since last request: 63.394778 seconds.
  path: Assets/RW/Prefabs/Sheep.prefab
  artifactKey: Guid(3c5815203e4973c419ed7b95a8fc5ec7) Importer(815301076,1909f56bfc062723c751e8b465ee728b)
Start importing Assets/RW/Prefabs/Sheep.prefab using Guid(3c5815203e4973c419ed7b95a8fc5ec7) Importer(815301076,1909f56bfc062723c751e8b465ee728b)  -> (artifact id: '2822eaa98039a844358816f3c267e25e') in 0.122348 seconds
  Import took 0.126021 seconds .

========================================================================
Received Prepare
Registering precompiled user dll's ...
Registered in 0.000962 seconds.
Begin MonoManager ReloadAssembly
Native extension for WindowsStandalone target not found
Refreshing native plugins compatible for Editor in 0.23 ms, found 0 plugins.
Preloading 0 native plugins for Editor in 0.00 ms.
Mono: successfully reloaded assembly
- Completed reload, in  1.360 seconds
Platform modules already initialized, skipping
Refreshing native plugins compatible for Editor in 0.21 ms, found 0 plugins.
Preloading 0 native plugins for Editor in 0.00 ms.
Unloading 1117 Unused Serialized files (Serialized files now loaded: 0)
System memory in use before: 60.4 MB.
System memory in use after: 60.5 MB.

Unloading 4 unused Assets to reduce memory usage. Loaded Objects now: 1579.
Total: 2.017500 ms (FindLiveObjects: 0.140900 ms CreateObjectMapping: 0.039200 ms MarkObjects: 1.806200 ms  DeleteObjects: 0.029700 ms)

========================================================================
Received Import Request.
  Time since last request: 6.364629 seconds.
  path: Assets/RW/Prefabs/Hay Bale.prefab
  artifactKey: Guid(4b0a05c3a79ad2c409c3cfba674a6325) Importer(815301076,1909f56bfc062723c751e8b465ee728b)
Start importing Assets/RW/Prefabs/Hay Bale.prefab using Guid(4b0a05c3a79ad2c409c3cfba674a6325) Importer(815301076,1909f56bfc062723c751e8b465ee728b)  -> (artifact id: 'b041a56106c8f6df5460049989464e90') in 0.086375 seconds
  Import took 0.093427 seconds .

========================================================================
Received Prepare
Registering precompiled user dll's ...
Registered in 0.000895 seconds.
Begin MonoManager ReloadAssembly
Native extension for WindowsStandalone target not found
Refreshing native plugins compatible for Editor in 0.21 ms, found 0 plugins.
Preloading 0 native plugins for Editor in 0.00 ms.
Mono: successfully reloaded assembly
- Completed reload, in  1.315 seconds
Platform modules already initialized, skipping
Refreshing native plugins compatible for Editor in 0.21 ms, found 0 plugins.
Preloading 0 native plugins for Editor in 0.00 ms.
Unloading 1117 Unused Serialized files (Serialized files now loaded: 0)
System memory in use before: 60.4 MB.
System memory in use after: 60.5 MB.

Unloading 4 unused Assets to reduce memory usage. Loaded Objects now: 1583.
Total: 1.629500 ms (FindLiveObjects: 0.141700 ms CreateObjectMapping: 0.040400 ms MarkObjects: 1.420500 ms  DeleteObjects: 0.025700 ms)

AssetImportWorkerClient::OnTransportError - code=2 error=End of file
